<?xml version="1.0" encoding="UTF-8"?>
<!-- Generated by org.testng.reporters.JUnitXMLReporter -->
<testsuite hostname="DESKTOP-S8J8GPP" ignored="0" name="Test" tests="3" failures="0" timestamp="31 Dec 2019 13:53:28 GMT" time="658.688" errors="0">
  <testcase name="MobilePrice" time="427.673" classname="Test.Flipkart_Serach"/>
  <testcase name="classbymethod" time="163.287" classname="Test.classby"/>
  <testcase name="testDAtePicker" time="67.631" classname="Test.DateAndTimePicker"/>
</testsuite> <!-- Test -->
